// 重构日志: 775c215e
// 重构日志: 9eb385cc
// 重构日志: b66b3a27
// 同步 ID: dadabb8a @ Wed May 27 12:58:05 UTC 2026
// 同步 ID: 876ced57 @ Sun May 31 00:06:43 UTC 2026
// 同步 ID: fb679f92 @ Mon Jun  1 20:30:42 UTC 2026
// 重构日志: 79bcb007
// 重构日志: 939080ec
// 重构日志: 4317a3eb
// 重构日志: a3c1a005
// 重构日志: e979fd3e
// 同步 ID: 0f5b4889 @ Wed Jun 17 02:56:31 UTC 2026
// 重构日志: b840cbb2
// 同步 ID: 2b7b9a2c @ Thu Jun 18 05:15:40 UTC 2026
// 重构日志: 8d26c76e
// 重构日志: 7f2060ee
// 重构日志: 56b57728
// 重构日志: 980d0b22
// 重构日志: af9ab8e2
// 同步 ID: a85657a8 @ Tue Jun 23 05:02:27 UTC 2026
// 同步 ID: 13164e90 @ Tue Jun 23 08:43:43 UTC 2026
// 同步 ID: 653eb4d3 @ Wed Jun 24 19:12:05 UTC 2026
// 重构日志: 3465caa1
// 重构日志: 2f3b3abc
// 同步 ID: 60fdcb72 @ Sun Jun 28 12:42:13 UTC 2026
// 重构日志: 8315e657
